Build started 3/21/2016 4:05:10 PM.
     1>Project "C:\Users\Randi\OneDrive\Documents\Spring 2016\Capstone\RoboSub\RoboSubControl\RoboSubControl\RoboSubControl.vcxproj" on node 2 (Build target(s)).
     1>ClCompile:
         C:\Program Files (x86)\Microsoft Visual Studio 12.0\VC\bin\CL.exe /c /Zi /nologo /W3 /WX- /O2 /Oi /Oy- /GL /D WIN32 /D NDEBUG /D _CONSOLE /D _LIB /D _UNICODE /D UNICODE /Gm- /EHsc /MD /GS /Gy /fp:precise /Zc:wchar_t /Zc:forScope /Fo"Release\\" /Fd"Release\vc120.pdb" /Gd /TP /analyze- /errorReport:prompt main.cpp multipleObjectTracking.cpp Object.cpp RoboSubControl.cpp
         main.cpp
     1>c:\users\randi\downloads\opencv\build\include\opencv2\flann\logger.h(66): warning C4996: 'fopen': This function or variable may be unsafe. Consider using fopen_s instead. To disable deprecation, use _CRT_SECURE_NO_WARNINGS. See online help for details.
                 C:\Program Files (x86)\Microsoft Visual Studio 12.0\VC\include\stdio.h(211) : see declaration of 'fopen'
         multipleObjectTracking.cpp
     1>c:\users\randi\downloads\opencv\build\include\opencv2\flann\logger.h(66): warning C4996: 'fopen': This function or variable may be unsafe. Consider using fopen_s instead. To disable deprecation, use _CRT_SECURE_NO_WARNINGS. See online help for details.
                 C:\Program Files (x86)\Microsoft Visual Studio 12.0\VC\include\stdio.h(211) : see declaration of 'fopen'
     1>multipleObjectTracking.cpp(39): warning C4244: 'initializing' : conversion from 'double' to 'const int', possible loss of data
     1>multipleObjectTracking.cpp(97): warning C4018: '<' : signed/unsigned mismatch
     1>multipleObjectTracking.cpp(138): warning C4018: '<' : signed/unsigned mismatch
     1>multipleObjectTracking.cpp(163): warning C4244: 'argument' : conversion from 'double' to 'int', possible loss of data
     1>multipleObjectTracking.cpp(164): warning C4244: 'argument' : conversion from 'double' to 'int', possible loss of data
         Object.cpp
     1>c:\users\randi\downloads\opencv\build\include\opencv2\flann\logger.h(66): warning C4996: 'fopen': This function or variable may be unsafe. Consider using fopen_s instead. To disable deprecation, use _CRT_SECURE_NO_WARNINGS. See online help for details.
                 C:\Program Files (x86)\Microsoft Visual Studio 12.0\VC\include\stdio.h(211) : see declaration of 'fopen'
         RoboSubControl.cpp
     1>c:\users\randi\downloads\opencv\build\include\opencv2\flann\logger.h(66): warning C4996: 'fopen': This function or variable may be unsafe. Consider using fopen_s instead. To disable deprecation, use _CRT_SECURE_NO_WARNINGS. See online help for details.
                 C:\Program Files (x86)\Microsoft Visual Studio 12.0\VC\include\stdio.h(211) : see declaration of 'fopen'
       Link:
         C:\Program Files (x86)\Microsoft Visual Studio 12.0\VC\bin\link.exe /ERRORREPORT:PROMPT /OUT:"C:\Users\Randi\OneDrive\Documents\Spring 2016\Capstone\RoboSub\RoboSubControl\Release\RoboSubControl.exe" /INCREMENTAL:NO /NOLOGO /LIBPATH:C:\Users\Randi\Downloads\opencv\build\x86\vc12\lib kernel32.lib user32.lib gdi32.lib winspool.lib comdlg32.lib advapi32.lib shell32.lib ole32.lib oleaut32.lib uuid.lib odbc32.lib odbccp32.lib kernel32.lib user32.lib gdi32.lib winspool.lib comdlg32.lib advapi32.lib shell32.lib ole32.lib oleaut32.lib uuid.lib odbc32.lib odbccp32.lib opencv_core249d.lib opencv_highgui249d.lib opencv_imgproc249d.lib /MANIFEST /MANIFESTUAC:"level='asInvoker' uiAccess='false'" /manifest:embed /DEBUG /PDB:"C:\Users\Randi\OneDrive\Documents\Spring 2016\Capstone\RoboSub\RoboSubControl\Release\RoboSubControl.pdb" /SUBSYSTEM:CONSOLE /OPT:REF /OPT:ICF /LTCG /TLBID:1 /DYNAMICBASE /NXCOMPAT /IMPLIB:"C:\Users\Randi\OneDrive\Documents\Spring 2016\Capstone\RoboSub\RoboSubControl\Release\RoboSubControl.lib" /MACHINE:X86 /SAFESEH Release\main.obj
         Release\multipleObjectTracking.obj
         Release\Object.obj
         Release\RoboSubControl.obj
         Release\Task.obj
         Generating code
         Finished generating code
         RoboSubControl.vcxproj -> C:\Users\Randi\OneDrive\Documents\Spring 2016\Capstone\RoboSub\RoboSubControl\Release\RoboSubControl.exe
     1>Done Building Project "C:\Users\Randi\OneDrive\Documents\Spring 2016\Capstone\RoboSub\RoboSubControl\RoboSubControl\RoboSubControl.vcxproj" (Build target(s)).

Build succeeded.

Time Elapsed 00:00:05.91
